# Logfile created on 2021-02-17 10:33:47 +0000 by logger.rb/v1.4.3
D, [2021-02-17T10:33:47.811084 #59989] DEBUG -- Pubnub::Telementry: Initialized Telemetry
D, [2021-02-17T10:33:47.811313 #59989] DEBUG -- Pubnub::Client: Created new Pubnub::Client instance. Version: 4.5.0
D, [2021-02-17T10:39:45.363155 #60381] DEBUG -- Pubnub::Telementry: Initialized Telemetry
D, [2021-02-17T10:39:45.363360 #60381] DEBUG -- Pubnub::Client: Created new Pubnub::Client instance. Version: 4.5.0
D, [2021-02-17T10:41:53.375110 #60513] DEBUG -- Pubnub::Telementry: Initialized Telemetry
D, [2021-02-17T10:41:53.375324 #60513] DEBUG -- Pubnub::Client: Created new Pubnub::Client instance. Version: 4.5.0
D, [2021-02-17T10:45:15.952269 #60721] DEBUG -- Pubnub::Telementry: Initialized Telemetry
D, [2021-02-17T10:45:15.965163 #60721] DEBUG -- Pubnub::Client: Created new Pubnub::Client instance. Version: 4.5.0
D, [2021-02-17T10:45:17.939173 #60731] DEBUG -- Pubnub::Telementry: Initialized Telemetry
D, [2021-02-17T10:45:17.939288 #60731] DEBUG -- Pubnub::Client: Created new Pubnub::Client instance. Version: 4.5.0
D, [2021-02-17T10:46:30.953830 #60818] DEBUG -- Pubnub::Telementry: Initialized Telemetry
D, [2021-02-17T10:46:30.953951 #60818] DEBUG -- Pubnub::Client: Created new Pubnub::Client instance. Version: 4.5.0
D, [2021-02-17T10:51:05.455416 #61088] DEBUG -- Pubnub::Telementry: Initialized Telemetry
D, [2021-02-17T10:51:05.475541 #61088] DEBUG -- Pubnub::Client: Created new Pubnub::Client instance. Version: 4.5.0
D, [2021-02-17T10:51:19.369053 #61105] DEBUG -- Pubnub::Telementry: Initialized Telemetry
D, [2021-02-17T10:51:19.369232 #61105] DEBUG -- Pubnub::Client: Created new Pubnub::Client instance. Version: 4.5.0
D, [2021-02-17T10:51:26.669420 #61123] DEBUG -- Pubnub::Telementry: Initialized Telemetry
D, [2021-02-17T10:51:26.669552 #61123] DEBUG -- Pubnub::Client: Created new Pubnub::Client instance. Version: 4.5.0
D, [2021-02-17T10:53:10.339970 #61243] DEBUG -- Pubnub::Telementry: Initialized Telemetry
D, [2021-02-17T10:53:10.340107 #61243] DEBUG -- Pubnub::Client: Created new Pubnub::Client instance. Version: 4.5.0
D, [2021-02-17T10:54:47.838565 #61351] DEBUG -- Pubnub::Telementry: Initialized Telemetry
D, [2021-02-17T10:54:47.838704 #61351] DEBUG -- Pubnub::Client: Created new Pubnub::Client instance. Version: 4.5.0
D, [2021-02-17T10:57:52.265027 #61546] DEBUG -- Pubnub::Telementry: Initialized Telemetry
D, [2021-02-17T10:57:52.265186 #61546] DEBUG -- Pubnub::Client: Created new Pubnub::Client instance. Version: 4.5.0
D, [2021-02-17T10:58:57.683086 #61657] DEBUG -- Pubnub::Telementry: Initialized Telemetry
D, [2021-02-17T10:58:57.683225 #61657] DEBUG -- Pubnub::Client: Created new Pubnub::Client instance. Version: 4.5.0
D, [2021-02-17T11:00:56.641339 #61796] DEBUG -- Pubnub::Telementry: Initialized Telemetry
D, [2021-02-17T11:00:56.641479 #61796] DEBUG -- Pubnub::Client: Created new Pubnub::Client instance. Version: 4.5.0
D, [2021-02-17T11:01:00.939763 #61804] DEBUG -- Pubnub::Telementry: Initialized Telemetry
D, [2021-02-17T11:01:00.939887 #61804] DEBUG -- Pubnub::Client: Created new Pubnub::Client instance. Version: 4.5.0
D, [2021-02-17T11:03:12.408649 #61962] DEBUG -- Pubnub::Telementry: Initialized Telemetry
D, [2021-02-17T11:03:12.408811 #61962] DEBUG -- Pubnub::Client: Created new Pubnub::Client instance. Version: 4.5.0
D, [2021-02-17T11:14:11.453373 #62625] DEBUG -- Pubnub::Telementry: Initialized Telemetry
D, [2021-02-17T11:14:11.453512 #62625] DEBUG -- Pubnub::Client: Created new Pubnub::Client instance. Version: 4.5.0
D, [2021-02-17T11:15:27.002713 #62721] DEBUG -- Pubnub::Telementry: Initialized Telemetry
D, [2021-02-17T11:15:27.002845 #62721] DEBUG -- Pubnub::Client: Created new Pubnub::Client instance. Version: 4.5.0
D, [2021-02-17T11:17:15.287261 #62843] DEBUG -- Pubnub::Telementry: Initialized Telemetry
D, [2021-02-17T11:17:15.287391 #62843] DEBUG -- Pubnub::Client: Created new Pubnub::Client instance. Version: 4.5.0
D, [2021-02-17T11:27:44.963659 #63761] DEBUG -- Pubnub::Telementry: Initialized Telemetry
D, [2021-02-17T11:27:44.963779 #63761] DEBUG -- Pubnub::Client: Created new Pubnub::Client instance. Version: 4.5.0
D, [2021-02-17T11:28:04.483920 #63782] DEBUG -- Pubnub::Telementry: Initialized Telemetry
D, [2021-02-17T11:28:04.484053 #63782] DEBUG -- Pubnub::Client: Created new Pubnub::Client instance. Version: 4.5.0
D, [2021-02-17T11:31:59.869636 #64029] DEBUG -- Pubnub::Telementry: Initialized Telemetry
D, [2021-02-17T11:31:59.869761 #64029] DEBUG -- Pubnub::Client: Created new Pubnub::Client instance. Version: 4.5.0
D, [2021-02-17T11:33:35.621139 #64218] DEBUG -- Pubnub::Telementry: Initialized Telemetry
D, [2021-02-17T11:33:35.621263 #64218] DEBUG -- Pubnub::Client: Created new Pubnub::Client instance. Version: 4.5.0
D, [2021-02-17T11:33:41.854478 #64235] DEBUG -- Pubnub::Telementry: Initialized Telemetry
D, [2021-02-17T11:33:41.854602 #64235] DEBUG -- Pubnub::Client: Created new Pubnub::Client instance. Version: 4.5.0
D, [2021-02-17T11:34:55.375825 #64324] DEBUG -- Pubnub::Telementry: Initialized Telemetry
D, [2021-02-17T11:34:55.376055 #64324] DEBUG -- Pubnub::Client: Created new Pubnub::Client instance. Version: 4.5.0
D, [2021-02-17T11:39:55.725939 #64696] DEBUG -- Pubnub::Telementry: Initialized Telemetry
D, [2021-02-17T11:39:55.726064 #64696] DEBUG -- Pubnub::Client: Created new Pubnub::Client instance. Version: 4.5.0
D, [2021-02-17T11:42:15.576350 #64855] DEBUG -- Pubnub::Telementry: Initialized Telemetry
D, [2021-02-17T11:42:15.576489 #64855] DEBUG -- Pubnub::Client: Created new Pubnub::Client instance. Version: 4.5.0
D, [2021-02-17T11:46:21.671365 #65122] DEBUG -- Pubnub::Telementry: Initialized Telemetry
D, [2021-02-17T11:46:21.671494 #65122] DEBUG -- Pubnub::Client: Created new Pubnub::Client instance. Version: 4.5.0
D, [2021-02-17T11:48:36.272363 #65384] DEBUG -- Pubnub::Telementry: Initialized Telemetry
D, [2021-02-17T11:48:36.281812 #65384] DEBUG -- Pubnub::Client: Created new Pubnub::Client instance. Version: 4.5.0
D, [2021-02-17T11:49:03.723889 #65418] DEBUG -- Pubnub::Telementry: Initialized Telemetry
D, [2021-02-17T11:49:03.724009 #65418] DEBUG -- Pubnub::Client: Created new Pubnub::Client instance. Version: 4.5.0
D, [2021-02-17T11:49:12.820490 #65122] DEBUG -- Pubnub::Telemetry: Fetching telemetry for l_pub
D, [2021-02-17T11:49:12.820722 #65122] DEBUG -- Pubnub::Event: Initialized Pubnub::Publish
D, [2021-02-17T11:49:12.821575 #65122] DEBUG -- Pubnub::Publish: Fired event Pubnub::Publish
D, [2021-02-17T11:49:12.821817 #65122] DEBUG -- Pubnub::Event: #send_request called
D, [2021-02-17T11:49:12.822358 #65122] DEBUG -- Pubnub::SingleEvent: #request_dispatcher called
D, [2021-02-17T11:49:12.822428 #65122] DEBUG -- Pubnub::Client: Looking for requester for async single_event
D, [2021-02-17T11:49:12.823039 #65122] DEBUG -- Pubnub::Event: #send_request got sender
D, [2021-02-17T11:49:12.823268 #65122] DEBUG -- Pubnub::Event: Requested URI: http://ps.pndsn.com/publish/pub-c-358f55e6-9c8e-4467-b79f-c647a10746a9/sub-c-023a0afe-6f72-11eb-889a-ee4206f2a398/0/comments-8/0/%7B%22comment%22%3A%22d%22%7D?ortt=%7B%22t%22%3A16135625528207738%7D&pnsdk=PubNub-Ruby%2F4.5.0&seqn=1&uuid=d3e43db3-5f97-43da-ab92-a394d933dbc0
D, [2021-02-17T11:49:12.949054 #65122] DEBUG -- Pubnub::Event: Event#handle
D, [2021-02-17T11:49:12.949369 #65122] DEBUG -- Pubnub::Event: Firing callbacks for Pubnub::Publish
D, [2021-02-17T11:57:29.255256 #66049] DEBUG -- Pubnub::Telementry: Initialized Telemetry
D, [2021-02-17T11:57:29.273900 #66049] DEBUG -- Pubnub::Client: Created new Pubnub::Client instance. Version: 4.5.0
D, [2021-02-17T12:05:06.211718 #66613] DEBUG -- Pubnub::Telementry: Initialized Telemetry
D, [2021-02-17T12:05:06.211864 #66613] DEBUG -- Pubnub::Client: Created new Pubnub::Client instance. Version: 4.5.0
D, [2021-02-17T12:05:59.147867 #66613] DEBUG -- Pubnub::Telemetry: Fetching telemetry for l_pub
D, [2021-02-17T12:05:59.178494 #66613] DEBUG -- Pubnub::Event: Initialized Pubnub::Publish
D, [2021-02-17T12:05:59.179137 #66613] DEBUG -- Pubnub::Publish: Fired event Pubnub::Publish
D, [2021-02-17T12:05:59.179183 #66613] DEBUG -- Pubnub::Event: #send_request called
D, [2021-02-17T12:05:59.179228 #66613] DEBUG -- Pubnub::SingleEvent: #request_dispatcher called
D, [2021-02-17T12:05:59.179251 #66613] DEBUG -- Pubnub::Client: Looking for requester for async single_event
D, [2021-02-17T12:05:59.179497 #66613] DEBUG -- Pubnub::Event: #send_request got sender
D, [2021-02-17T12:05:59.180090 #66613] DEBUG -- Pubnub::Event: Requested URI: http://ps.pndsn.com/publish/pub-c-358f55e6-9c8e-4467-b79f-c647a10746a9/sub-c-023a0afe-6f72-11eb-889a-ee4206f2a398/0/comments-8/0/%7B%22comment%22%3A%22hgg%22%7D?ortt=%7B%22t%22%3A16135635591785540%7D&pnsdk=PubNub-Ruby%2F4.5.0&seqn=1&uuid=5eb30274-25c3-45f2-894e-449912b48c9c
D, [2021-02-17T12:05:59.338016 #66613] DEBUG -- Pubnub::Event: Event#handle
D, [2021-02-17T12:05:59.338316 #66613] DEBUG -- Pubnub::Event: Firing callbacks for Pubnub::Publish
D, [2021-02-17T12:06:23.595239 #66613] DEBUG -- Pubnub::Telemetry: Fetching telemetry for l_pub
D, [2021-02-17T12:06:23.595503 #66613] DEBUG -- Pubnub::Telemetry: Current average: 0.1584010124206543
D, [2021-02-17T12:06:23.595600 #66613] DEBUG -- Pubnub::Event: Initialized Pubnub::Publish
D, [2021-02-17T12:06:23.596025 #66613] DEBUG -- Pubnub::Publish: Fired event Pubnub::Publish
D, [2021-02-17T12:06:23.596063 #66613] DEBUG -- Pubnub::Event: #send_request called
D, [2021-02-17T12:06:23.596107 #66613] DEBUG -- Pubnub::SingleEvent: #request_dispatcher called
D, [2021-02-17T12:06:23.596149 #66613] DEBUG -- Pubnub::Client: Looking for requester for async single_event
D, [2021-02-17T12:06:23.596356 #66613] DEBUG -- Pubnub::Event: #send_request got sender
D, [2021-02-17T12:06:23.601183 #66613] DEBUG -- Pubnub::Event: Requested URI: http://ps.pndsn.com/publish/pub-c-358f55e6-9c8e-4467-b79f-c647a10746a9/sub-c-023a0afe-6f72-11eb-889a-ee4206f2a398/0/comments-8/0/%7B%22comment%22%3A%22ggg%22%7D?l_pub=0.158&ortt=%7B%22t%22%3A16135635835956270%7D&pnsdk=PubNub-Ruby%2F4.5.0&seqn=2&uuid=5eb30274-25c3-45f2-894e-449912b48c9c
D, [2021-02-17T12:06:23.753601 #66613] DEBUG -- Pubnub::Event: Event#handle
D, [2021-02-17T12:06:23.753888 #66613] DEBUG -- Pubnub::Event: Firing callbacks for Pubnub::Publish
D, [2021-02-17T12:07:12.475192 #66613] DEBUG -- Pubnub::Telemetry: Fetching telemetry for l_pub
D, [2021-02-17T12:07:12.501304 #66613] DEBUG -- Pubnub::Telemetry: Current average: 0.1525440216064453
D, [2021-02-17T12:07:12.501607 #66613] DEBUG -- Pubnub::Event: Initialized Pubnub::Publish
D, [2021-02-17T12:07:12.502196 #66613] DEBUG -- Pubnub::Publish: Fired event Pubnub::Publish
D, [2021-02-17T12:07:12.502421 #66613] DEBUG -- Pubnub::Event: #send_request called
D, [2021-02-17T12:07:12.502480 #66613] DEBUG -- Pubnub::SingleEvent: #request_dispatcher called
D, [2021-02-17T12:07:12.503002 #66613] DEBUG -- Pubnub::Client: Looking for requester for async single_event
D, [2021-02-17T12:07:12.503046 #66613] DEBUG -- Pubnub::Event: #send_request got sender
D, [2021-02-17T12:07:12.503556 #66613] DEBUG -- Pubnub::Event: Requested URI: http://ps.pndsn.com/publish/pub-c-358f55e6-9c8e-4467-b79f-c647a10746a9/sub-c-023a0afe-6f72-11eb-889a-ee4206f2a398/0/comments-8/0/%7B%22comment%22%3A%22fdsdsfa%22%7D?l_pub=0.153&ortt=%7B%22t%22%3A16135636325016670%7D&pnsdk=PubNub-Ruby%2F4.5.0&seqn=3&uuid=5eb30274-25c3-45f2-894e-449912b48c9c
D, [2021-02-17T12:07:12.598999 #66613] DEBUG -- Pubnub::Event: Event#handle
D, [2021-02-17T12:07:12.599217 #66613] DEBUG -- Pubnub::Event: Firing callbacks for Pubnub::Publish
D, [2021-02-17T12:15:34.861644 #67229] DEBUG -- Pubnub::Telementry: Initialized Telemetry
D, [2021-02-17T12:15:34.861777 #67229] DEBUG -- Pubnub::Client: Created new Pubnub::Client instance. Version: 4.5.0
D, [2021-02-17T12:38:51.560565 #67229] DEBUG -- Pubnub::Telemetry: Fetching telemetry for l_pub
D, [2021-02-17T12:38:51.587655 #67229] DEBUG -- Pubnub::Event: Initialized Pubnub::Publish
D, [2021-02-17T12:38:51.588224 #67229] DEBUG -- Pubnub::Publish: Fired event Pubnub::Publish
D, [2021-02-17T12:38:51.588519 #67229] DEBUG -- Pubnub::Event: #send_request called
D, [2021-02-17T12:38:51.588575 #67229] DEBUG -- Pubnub::SingleEvent: #request_dispatcher called
D, [2021-02-17T12:38:51.589242 #67229] DEBUG -- Pubnub::Client: Looking for requester for async single_event
D, [2021-02-17T12:38:51.589515 #67229] DEBUG -- Pubnub::Event: #send_request got sender
D, [2021-02-17T12:38:51.589918 #67229] DEBUG -- Pubnub::Event: Requested URI: http://ps.pndsn.com/publish/pub-c-358f55e6-9c8e-4467-b79f-c647a10746a9/sub-c-023a0afe-6f72-11eb-889a-ee4206f2a398/0/comments-8/0/%7B%22comment%22%3A%22hello%22%7D?ortt=%7B%22t%22%3A16135655315877408%7D&pnsdk=PubNub-Ruby%2F4.5.0&seqn=1&uuid=b48ad4df-eeae-4aaf-9a1a-e80a4f0107b1
D, [2021-02-17T12:38:51.752101 #67229] DEBUG -- Pubnub::Event: Event#handle
D, [2021-02-17T12:38:51.752295 #67229] DEBUG -- Pubnub::Event: Firing callbacks for Pubnub::Publish
D, [2021-02-17T12:39:48.395096 #67229] DEBUG -- Pubnub::Telemetry: Fetching telemetry for l_pub
D, [2021-02-17T12:39:48.395319 #67229] DEBUG -- Pubnub::Telemetry: Current average: 0.16231584548950195
D, [2021-02-17T12:39:48.395391 #67229] DEBUG -- Pubnub::Event: Initialized Pubnub::Publish
D, [2021-02-17T12:39:48.395672 #67229] DEBUG -- Pubnub::Publish: Fired event Pubnub::Publish
D, [2021-02-17T12:39:48.395777 #67229] DEBUG -- Pubnub::Event: #send_request called
D, [2021-02-17T12:39:48.395919 #67229] DEBUG -- Pubnub::SingleEvent: #request_dispatcher called
D, [2021-02-17T12:39:48.395970 #67229] DEBUG -- Pubnub::Client: Looking for requester for async single_event
D, [2021-02-17T12:39:48.396527 #67229] DEBUG -- Pubnub::Event: #send_request got sender
D, [2021-02-17T12:39:48.396690 #67229] DEBUG -- Pubnub::Event: Requested URI: http://ps.pndsn.com/publish/pub-c-358f55e6-9c8e-4467-b79f-c647a10746a9/sub-c-023a0afe-6f72-11eb-889a-ee4206f2a398/0/comments-8/0/%7B%22comment%22%3A%22Hello%20is%20this%20working%3F%22%7D?l_pub=0.162&ortt=%7B%22t%22%3A16135655883954260%7D&pnsdk=PubNub-Ruby%2F4.5.0&seqn=2&uuid=b48ad4df-eeae-4aaf-9a1a-e80a4f0107b1
D, [2021-02-17T12:39:48.506824 #67229] DEBUG -- Pubnub::Event: Event#handle
D, [2021-02-17T12:39:48.512491 #67229] DEBUG -- Pubnub::Event: Firing callbacks for Pubnub::Publish
D, [2021-02-17T12:41:36.171036 #67229] DEBUG -- Pubnub::Telemetry: Fetching telemetry for l_pub
D, [2021-02-17T12:41:36.192271 #67229] DEBUG -- Pubnub::Telemetry: Current average: 0.11020231246948242
D, [2021-02-17T12:41:36.192473 #67229] DEBUG -- Pubnub::Event: Initialized Pubnub::Publish
D, [2021-02-17T12:41:36.193034 #67229] DEBUG -- Pubnub::Publish: Fired event Pubnub::Publish
D, [2021-02-17T12:41:36.193092 #67229] DEBUG -- Pubnub::Event: #send_request called
D, [2021-02-17T12:41:36.193454 #67229] DEBUG -- Pubnub::SingleEvent: #request_dispatcher called
D, [2021-02-17T12:41:36.193516 #67229] DEBUG -- Pubnub::Client: Looking for requester for async single_event
D, [2021-02-17T12:41:36.194229 #67229] DEBUG -- Pubnub::Event: #send_request got sender
D, [2021-02-17T12:41:36.194484 #67229] DEBUG -- Pubnub::Event: Requested URI: http://ps.pndsn.com/publish/pub-c-358f55e6-9c8e-4467-b79f-c647a10746a9/sub-c-023a0afe-6f72-11eb-889a-ee4206f2a398/0/comments-8/0/%7B%22comment%22%3A%22Hello%20matesss%22%7D?l_pub=0.11&ortt=%7B%22t%22%3A16135656961925408%7D&pnsdk=PubNub-Ruby%2F4.5.0&seqn=3&uuid=b48ad4df-eeae-4aaf-9a1a-e80a4f0107b1
D, [2021-02-17T12:41:36.286709 #67229] DEBUG -- Pubnub::Event: Event#handle
D, [2021-02-17T12:41:36.286957 #67229] DEBUG -- Pubnub::Event: Firing callbacks for Pubnub::Publish
D, [2021-02-17T12:44:52.669502 #68794] DEBUG -- Pubnub::Telementry: Initialized Telemetry
D, [2021-02-17T12:44:52.669627 #68794] DEBUG -- Pubnub::Client: Created new Pubnub::Client instance. Version: 4.5.0
D, [2021-02-17T12:45:12.560457 #68794] DEBUG -- Pubnub::Telemetry: Fetching telemetry for l_pub
D, [2021-02-17T12:45:12.560576 #68794] DEBUG -- Pubnub::Event: Initialized Pubnub::Publish
D, [2021-02-17T12:45:12.560921 #68794] DEBUG -- Pubnub::Publish: Fired event Pubnub::Publish
D, [2021-02-17T12:45:12.560985 #68794] DEBUG -- Pubnub::Event: #send_request called
D, [2021-02-17T12:45:12.561283 #68794] DEBUG -- Pubnub::SingleEvent: #request_dispatcher called
D, [2021-02-17T12:45:12.561330 #68794] DEBUG -- Pubnub::Client: Looking for requester for async single_event
D, [2021-02-17T12:45:12.561660 #68794] DEBUG -- Pubnub::Event: #send_request got sender
D, [2021-02-17T12:45:12.562270 #68794] DEBUG -- Pubnub::Event: Requested URI: http://ps.pndsn.com/publish/pub-c-358f55e6-9c8e-4467-b79f-c647a10746a9/sub-c-023a0afe-6f72-11eb-889a-ee4206f2a398/0/comments-8/0/%7B%22comment%22%3A%22What%20a%20great%20channel%22%7D?ortt=%7B%22t%22%3A16135659125606132%7D&pnsdk=PubNub-Ruby%2F4.5.0&seqn=1&uuid=462adac7-185e-4321-b6c4-9d5f3e1dc156
D, [2021-02-17T12:45:12.683014 #68794] DEBUG -- Pubnub::Event: Event#handle
D, [2021-02-17T12:45:12.683348 #68794] DEBUG -- Pubnub::Event: Firing callbacks for Pubnub::Publish
D, [2021-02-17T12:47:01.438999 #68794] DEBUG -- Pubnub::Telemetry: Fetching telemetry for l_pub
D, [2021-02-17T12:47:01.439261 #68794] DEBUG -- Pubnub::Telemetry: Current average: 0.12076973915100098
D, [2021-02-17T12:47:01.439360 #68794] DEBUG -- Pubnub::Event: Initialized Pubnub::Publish
D, [2021-02-17T12:47:01.439758 #68794] DEBUG -- Pubnub::Publish: Fired event Pubnub::Publish
D, [2021-02-17T12:47:01.439797 #68794] DEBUG -- Pubnub::Event: #send_request called
D, [2021-02-17T12:47:01.440453 #68794] DEBUG -- Pubnub::SingleEvent: #request_dispatcher called
D, [2021-02-17T12:47:01.440489 #68794] DEBUG -- Pubnub::Client: Looking for requester for async single_event
D, [2021-02-17T12:47:01.440515 #68794] DEBUG -- Pubnub::Event: #send_request got sender
D, [2021-02-17T12:47:01.440690 #68794] DEBUG -- Pubnub::Event: Requested URI: http://ps.pndsn.com/publish/pub-c-358f55e6-9c8e-4467-b79f-c647a10746a9/sub-c-023a0afe-6f72-11eb-889a-ee4206f2a398/0/comments-8/0/%7B%22comment%22%3A%22hotdog%22%7D?l_pub=0.121&ortt=%7B%22t%22%3A16135660214393978%7D&pnsdk=PubNub-Ruby%2F4.5.0&seqn=2&uuid=462adac7-185e-4321-b6c4-9d5f3e1dc156
D, [2021-02-17T12:47:01.537471 #68794] DEBUG -- Pubnub::Event: Event#handle
D, [2021-02-17T12:47:01.537644 #68794] DEBUG -- Pubnub::Event: Firing callbacks for Pubnub::Publish
D, [2021-02-17T12:52:56.726349 #68794] DEBUG -- Pubnub::Telemetry: Fetching telemetry for l_pub
D, [2021-02-17T12:52:56.749616 #68794] DEBUG -- Pubnub::Telemetry: Current average: 0.09685206413269043
D, [2021-02-17T12:52:56.749829 #68794] DEBUG -- Pubnub::Event: Initialized Pubnub::Publish
D, [2021-02-17T12:52:56.750677 #68794] DEBUG -- Pubnub::Publish: Fired event Pubnub::Publish
D, [2021-02-17T12:52:56.750725 #68794] DEBUG -- Pubnub::Event: #send_request called
D, [2021-02-17T12:52:56.750776 #68794] DEBUG -- Pubnub::SingleEvent: #request_dispatcher called
D, [2021-02-17T12:52:56.750804 #68794] DEBUG -- Pubnub::Client: Looking for requester for async single_event
D, [2021-02-17T12:52:56.750822 #68794] DEBUG -- Pubnub::Event: #send_request got sender
D, [2021-02-17T12:52:56.751252 #68794] DEBUG -- Pubnub::Event: Requested URI: http://ps.pndsn.com/publish/pub-c-358f55e6-9c8e-4467-b79f-c647a10746a9/sub-c-023a0afe-6f72-11eb-889a-ee4206f2a398/0/comments-8/0/%7B%22comment%22%3A%22Hellod%22%7D?l_pub=0.097&ortt=%7B%22t%22%3A16135663767498670%7D&pnsdk=PubNub-Ruby%2F4.5.0&seqn=3&uuid=462adac7-185e-4321-b6c4-9d5f3e1dc156
D, [2021-02-17T12:52:56.873237 #68794] DEBUG -- Pubnub::Event: Event#handle
D, [2021-02-17T12:52:56.873476 #68794] DEBUG -- Pubnub::Event: Firing callbacks for Pubnub::Publish
D, [2021-02-17T12:53:34.816760 #68794] DEBUG -- Pubnub::Telemetry: Fetching telemetry for l_pub
D, [2021-02-17T12:53:34.838090 #68794] DEBUG -- Pubnub::Telemetry: Current average: 0.12205100059509277
D, [2021-02-17T12:53:34.838437 #68794] DEBUG -- Pubnub::Event: Initialized Pubnub::Publish
D, [2021-02-17T12:53:34.839804 #68794] DEBUG -- Pubnub::Publish: Fired event Pubnub::Publish
D, [2021-02-17T12:53:34.842450 #68794] DEBUG -- Pubnub::Event: #send_request called
D, [2021-02-17T12:53:34.842535 #68794] DEBUG -- Pubnub::SingleEvent: #request_dispatcher called
D, [2021-02-17T12:53:34.842569 #68794] DEBUG -- Pubnub::Client: Looking for requester for async single_event
D, [2021-02-17T12:53:34.842597 #68794] DEBUG -- Pubnub::Event: #send_request got sender
D, [2021-02-17T12:53:34.842831 #68794] DEBUG -- Pubnub::Event: Requested URI: http://ps.pndsn.com/publish/pub-c-358f55e6-9c8e-4467-b79f-c647a10746a9/sub-c-023a0afe-6f72-11eb-889a-ee4206f2a398/0/comments-8/0/%7B%22comment%22%3A%22Hello%22%7D?l_pub=0.122&ortt=%7B%22t%22%3A16135664148384928%7D&pnsdk=PubNub-Ruby%2F4.5.0&seqn=4&uuid=462adac7-185e-4321-b6c4-9d5f3e1dc156
D, [2021-02-17T12:53:34.929989 #68794] DEBUG -- Pubnub::Event: Event#handle
D, [2021-02-17T12:53:34.930199 #68794] DEBUG -- Pubnub::Event: Firing callbacks for Pubnub::Publish
D, [2021-02-17T13:03:31.878151 #68794] DEBUG -- Pubnub::Telemetry: Fetching telemetry for l_pub
D, [2021-02-17T13:03:31.902534 #68794] DEBUG -- Pubnub::Telemetry: Current average: 0.08725714683532715
D, [2021-02-17T13:03:31.904464 #68794] DEBUG -- Pubnub::Event: Initialized Pubnub::Publish
D, [2021-02-17T13:03:31.906727 #68794] DEBUG -- Pubnub::Publish: Fired event Pubnub::Publish
D, [2021-02-17T13:03:31.906808 #68794] DEBUG -- Pubnub::Event: #send_request called
D, [2021-02-17T13:03:31.906836 #68794] DEBUG -- Pubnub::SingleEvent: #request_dispatcher called
D, [2021-02-17T13:03:31.906921 #68794] DEBUG -- Pubnub::Client: Looking for requester for async single_event
D, [2021-02-17T13:03:31.906962 #68794] DEBUG -- Pubnub::Event: #send_request got sender
D, [2021-02-17T13:03:31.907235 #68794] DEBUG -- Pubnub::Event: Requested URI: http://ps.pndsn.com/publish/pub-c-358f55e6-9c8e-4467-b79f-c647a10746a9/sub-c-023a0afe-6f72-11eb-889a-ee4206f2a398/0/comments-8/0/%7B%22comment%22%3A%22hello%22%7D?l_pub=0.087&ortt=%7B%22t%22%3A16135670119045342%7D&pnsdk=PubNub-Ruby%2F4.5.0&seqn=5&uuid=462adac7-185e-4321-b6c4-9d5f3e1dc156
D, [2021-02-17T13:03:32.069483 #68794] DEBUG -- Pubnub::Event: Event#handle
D, [2021-02-17T13:03:32.069683 #68794] DEBUG -- Pubnub::Event: Firing callbacks for Pubnub::Publish
D, [2021-02-17T13:04:07.435956 #68794] DEBUG -- Pubnub::Telemetry: Fetching telemetry for l_pub
D, [2021-02-17T13:04:07.436023 #68794] DEBUG -- Pubnub::Telemetry: Current average: 0.16240978240966797
D, [2021-02-17T13:04:07.436084 #68794] DEBUG -- Pubnub::Event: Initialized Pubnub::Publish
D, [2021-02-17T13:04:07.436406 #68794] DEBUG -- Pubnub::Publish: Fired event Pubnub::Publish
D, [2021-02-17T13:04:07.436463 #68794] DEBUG -- Pubnub::Event: #send_request called
D, [2021-02-17T13:04:07.436640 #68794] DEBUG -- Pubnub::SingleEvent: #request_dispatcher called
D, [2021-02-17T13:04:07.437049 #68794] DEBUG -- Pubnub::Client: Looking for requester for async single_event
D, [2021-02-17T13:04:07.437080 #68794] DEBUG -- Pubnub::Event: #send_request got sender
D, [2021-02-17T13:04:07.437238 #68794] DEBUG -- Pubnub::Event: Requested URI: http://ps.pndsn.com/publish/pub-c-358f55e6-9c8e-4467-b79f-c647a10746a9/sub-c-023a0afe-6f72-11eb-889a-ee4206f2a398/0/comments-8/0/%7B%22comment%22%3A%22Hello%22%7D?l_pub=0.162&ortt=%7B%22t%22%3A16135670474361082%7D&pnsdk=PubNub-Ruby%2F4.5.0&seqn=6&uuid=462adac7-185e-4321-b6c4-9d5f3e1dc156
D, [2021-02-17T13:04:07.609888 #68794] DEBUG -- Pubnub::Event: Event#handle
D, [2021-02-17T13:04:07.610087 #68794] DEBUG -- Pubnub::Event: Firing callbacks for Pubnub::Publish
D, [2021-02-17T13:04:11.688431 #68794] DEBUG -- Pubnub::Telemetry: Fetching telemetry for l_pub
D, [2021-02-17T13:04:11.688492 #68794] DEBUG -- Pubnub::Telemetry: Current average: 0.17271900177001953
D, [2021-02-17T13:04:11.688561 #68794] DEBUG -- Pubnub::Event: Initialized Pubnub::Publish
D, [2021-02-17T13:04:11.690113 #68794] DEBUG -- Pubnub::Publish: Fired event Pubnub::Publish
D, [2021-02-17T13:04:11.690314 #68794] DEBUG -- Pubnub::Event: #send_request called
D, [2021-02-17T13:04:11.690782 #68794] DEBUG -- Pubnub::SingleEvent: #request_dispatcher called
D, [2021-02-17T13:04:11.690823 #68794] DEBUG -- Pubnub::Client: Looking for requester for async single_event
D, [2021-02-17T13:04:11.690846 #68794] DEBUG -- Pubnub::Event: #send_request got sender
D, [2021-02-17T13:04:11.694998 #68794] DEBUG -- Pubnub::Event: Requested URI: http://ps.pndsn.com/publish/pub-c-358f55e6-9c8e-4467-b79f-c647a10746a9/sub-c-023a0afe-6f72-11eb-889a-ee4206f2a398/0/comments-8/0/%7B%22comment%22%3A%22Hello%22%7D?l_pub=0.173&ortt=%7B%22t%22%3A16135670516885850%7D&pnsdk=PubNub-Ruby%2F4.5.0&seqn=7&uuid=462adac7-185e-4321-b6c4-9d5f3e1dc156
D, [2021-02-17T13:04:11.779900 #68794] DEBUG -- Pubnub::Event: Event#handle
D, [2021-02-17T13:04:11.780094 #68794] DEBUG -- Pubnub::Event: Firing callbacks for Pubnub::Publish
D, [2021-02-17T13:04:17.783632 #68794] DEBUG -- Pubnub::Telemetry: Fetching telemetry for l_pub
D, [2021-02-17T13:04:17.783680 #68794] DEBUG -- Pubnub::Telemetry: Current average: 0.08896279335021973
D, [2021-02-17T13:04:17.783744 #68794] DEBUG -- Pubnub::Event: Initialized Pubnub::Publish
D, [2021-02-17T13:04:17.784073 #68794] DEBUG -- Pubnub::Publish: Fired event Pubnub::Publish
D, [2021-02-17T13:04:17.784108 #68794] DEBUG -- Pubnub::Event: #send_request called
D, [2021-02-17T13:04:17.784236 #68794] DEBUG -- Pubnub::SingleEvent: #request_dispatcher called
D, [2021-02-17T13:04:17.784289 #68794] DEBUG -- Pubnub::Client: Looking for requester for async single_event
D, [2021-02-17T13:04:17.784660 #68794] DEBUG -- Pubnub::Event: #send_request got sender
D, [2021-02-17T13:04:17.784800 #68794] DEBUG -- Pubnub::Event: Requested URI: http://ps.pndsn.com/publish/pub-c-358f55e6-9c8e-4467-b79f-c647a10746a9/sub-c-023a0afe-6f72-11eb-889a-ee4206f2a398/0/comments-8/0/%7B%22comment%22%3A%22Hello%22%7D?l_pub=0.089&ortt=%7B%22t%22%3A16135670577837770%7D&pnsdk=PubNub-Ruby%2F4.5.0&seqn=8&uuid=462adac7-185e-4321-b6c4-9d5f3e1dc156
D, [2021-02-17T13:04:17.879100 #68794] DEBUG -- Pubnub::Event: Event#handle
D, [2021-02-17T13:04:17.879263 #68794] DEBUG -- Pubnub::Event: Firing callbacks for Pubnub::Publish
D, [2021-02-17T13:07:26.335754 #70155] DEBUG -- Pubnub::Telementry: Initialized Telemetry
D, [2021-02-17T13:07:26.335882 #70155] DEBUG -- Pubnub::Client: Created new Pubnub::Client instance. Version: 4.5.0
D, [2021-02-17T13:22:55.218046 #70155] DEBUG -- Pubnub::Telemetry: Fetching telemetry for l_pub
D, [2021-02-17T13:22:55.218411 #70155] DEBUG -- Pubnub::Event: Initialized Pubnub::Publish
D, [2021-02-17T13:22:55.219079 #70155] DEBUG -- Pubnub::Publish: Fired event Pubnub::Publish
D, [2021-02-17T13:22:55.219226 #70155] DEBUG -- Pubnub::Event: #send_request called
D, [2021-02-17T13:22:55.219485 #70155] DEBUG -- Pubnub::SingleEvent: #request_dispatcher called
D, [2021-02-17T13:22:55.219673 #70155] DEBUG -- Pubnub::Client: Looking for requester for async single_event
D, [2021-02-17T13:22:55.220684 #70155] DEBUG -- Pubnub::Event: #send_request got sender
D, [2021-02-17T13:22:55.221142 #70155] DEBUG -- Pubnub::Event: Requested URI: http://ps.pndsn.com/publish/pub-c-358f55e6-9c8e-4467-b79f-c647a10746a9/sub-c-023a0afe-6f72-11eb-889a-ee4206f2a398/0/comments-9/0/%7B%22comment%22%3A%22Hello%20dog%22%7D?ortt=%7B%22t%22%3A16135681752184698%7D&pnsdk=PubNub-Ruby%2F4.5.0&seqn=1&uuid=d7f2c8c8-243d-4ff1-a699-fbaa1bfa9c93
D, [2021-02-17T13:22:55.371456 #70155] DEBUG -- Pubnub::Event: Event#handle
D, [2021-02-17T13:22:55.371750 #70155] DEBUG -- Pubnub::Event: Firing callbacks for Pubnub::Publish
D, [2021-02-17T13:23:07.870627 #70155] DEBUG -- Pubnub::Telemetry: Fetching telemetry for l_pub
D, [2021-02-17T13:23:07.870694 #70155] DEBUG -- Pubnub::Telemetry: Current average: 0.1504228115081787
D, [2021-02-17T13:23:07.870764 #70155] DEBUG -- Pubnub::Event: Initialized Pubnub::Publish
D, [2021-02-17T13:23:07.871139 #70155] DEBUG -- Pubnub::Publish: Fired event Pubnub::Publish
D, [2021-02-17T13:23:07.871292 #70155] DEBUG -- Pubnub::Event: #send_request called
D, [2021-02-17T13:23:07.871321 #70155] DEBUG -- Pubnub::SingleEvent: #request_dispatcher called
D, [2021-02-17T13:23:07.871391 #70155] DEBUG -- Pubnub::Client: Looking for requester for async single_event
D, [2021-02-17T13:23:07.871413 #70155] DEBUG -- Pubnub::Event: #send_request got sender
D, [2021-02-17T13:23:07.872136 #70155] DEBUG -- Pubnub::Event: Requested URI: http://ps.pndsn.com/publish/pub-c-358f55e6-9c8e-4467-b79f-c647a10746a9/sub-c-023a0afe-6f72-11eb-889a-ee4206f2a398/0/comments-10/0/%7B%22comment%22%3A%22This%20is%20a%20dog%21%5Cr%5Cn%22%7D?l_pub=0.15&ortt=%7B%22t%22%3A16135681878707990%7D&pnsdk=PubNub-Ruby%2F4.5.0&seqn=2&uuid=d7f2c8c8-243d-4ff1-a699-fbaa1bfa9c93
D, [2021-02-17T13:23:07.929507 #70155] DEBUG -- Pubnub::Event: Event#handle
D, [2021-02-17T13:23:07.929712 #70155] DEBUG -- Pubnub::Event: Firing callbacks for Pubnub::Publish
D, [2021-02-17T13:23:24.363704 #70155] DEBUG -- Pubnub::Telemetry: Fetching telemetry for l_pub
D, [2021-02-17T13:23:24.363753 #70155] DEBUG -- Pubnub::Telemetry: Current average: 0.05743217468261719
D, [2021-02-17T13:23:24.363811 #70155] DEBUG -- Pubnub::Event: Initialized Pubnub::Publish
D, [2021-02-17T13:23:24.364147 #70155] DEBUG -- Pubnub::Publish: Fired event Pubnub::Publish
D, [2021-02-17T13:23:24.364329 #70155] DEBUG -- Pubnub::Event: #send_request called
D, [2021-02-17T13:23:24.364369 #70155] DEBUG -- Pubnub::SingleEvent: #request_dispatcher called
D, [2021-02-17T13:23:24.364780 #70155] DEBUG -- Pubnub::Client: Looking for requester for async single_event
D, [2021-02-17T13:23:24.364816 #70155] DEBUG -- Pubnub::Event: #send_request got sender
D, [2021-02-17T13:23:24.365109 #70155] DEBUG -- Pubnub::Event: Requested URI: http://ps.pndsn.com/publish/pub-c-358f55e6-9c8e-4467-b79f-c647a10746a9/sub-c-023a0afe-6f72-11eb-889a-ee4206f2a398/0/comments-10/0/%7B%22comment%22%3A%22It%20sure%20is%21%22%7D?l_pub=0.057&ortt=%7B%22t%22%3A16135682043638332%7D&pnsdk=PubNub-Ruby%2F4.5.0&seqn=3&uuid=d7f2c8c8-243d-4ff1-a699-fbaa1bfa9c93
D, [2021-02-17T13:23:24.486842 #70155] DEBUG -- Pubnub::Event: Event#handle
D, [2021-02-17T13:23:24.487076 #70155] DEBUG -- Pubnub::Event: Firing callbacks for Pubnub::Publish
D, [2021-02-17T13:23:39.740710 #70155] DEBUG -- Pubnub::Telemetry: Fetching telemetry for l_pub
D, [2021-02-17T13:23:39.779161 #70155] DEBUG -- Pubnub::Telemetry: Current average: 0.12179708480834961
D, [2021-02-17T13:23:39.785506 #70155] DEBUG -- Pubnub::Event: Initialized Pubnub::Publish
D, [2021-02-17T13:23:39.800670 #70155] DEBUG -- Pubnub::Publish: Fired event Pubnub::Publish
D, [2021-02-17T13:23:39.800733 #70155] DEBUG -- Pubnub::Event: #send_request called
D, [2021-02-17T13:23:39.800753 #70155] DEBUG -- Pubnub::SingleEvent: #request_dispatcher called
D, [2021-02-17T13:23:39.800774 #70155] DEBUG -- Pubnub::Client: Looking for requester for async single_event
D, [2021-02-17T13:23:39.800816 #70155] DEBUG -- Pubnub::Event: #send_request got sender
D, [2021-02-17T13:23:39.800985 #70155] DEBUG -- Pubnub::Event: Requested URI: http://ps.pndsn.com/publish/pub-c-358f55e6-9c8e-4467-b79f-c647a10746a9/sub-c-023a0afe-6f72-11eb-889a-ee4206f2a398/0/comments-9/0/%7B%22comment%22%3A%22Also%20a%20dog%22%7D?l_pub=0.122&ortt=%7B%22t%22%3A16135682197855702%7D&pnsdk=PubNub-Ruby%2F4.5.0&seqn=4&uuid=d7f2c8c8-243d-4ff1-a699-fbaa1bfa9c93
D, [2021-02-17T13:23:39.917488 #70155] DEBUG -- Pubnub::Event: Event#handle
D, [2021-02-17T13:23:39.917681 #70155] DEBUG -- Pubnub::Event: Firing callbacks for Pubnub::Publish
D, [2021-02-17T13:24:54.419742 #71445] DEBUG -- Pubnub::Telementry: Initialized Telemetry
D, [2021-02-17T13:24:54.419863 #71445] DEBUG -- Pubnub::Client: Created new Pubnub::Client instance. Version: 4.5.0
D, [2021-02-17T13:25:45.742756 #71504] DEBUG -- Pubnub::Telementry: Initialized Telemetry
D, [2021-02-17T13:25:45.758252 #71504] DEBUG -- Pubnub::Client: Created new Pubnub::Client instance. Version: 4.5.0
D, [2021-02-17T13:31:39.088068 #71846] DEBUG -- Pubnub::Telementry: Initialized Telemetry
D, [2021-02-17T13:31:39.106446 #71846] DEBUG -- Pubnub::Client: Created new Pubnub::Client instance. Version: 4.5.0
D, [2021-02-17T13:34:50.540553 #72059] DEBUG -- Pubnub::Telementry: Initialized Telemetry
D, [2021-02-17T13:34:50.540678 #72059] DEBUG -- Pubnub::Client: Created new Pubnub::Client instance. Version: 4.5.0
D, [2021-02-17T13:38:15.111419 #72295] DEBUG -- Pubnub::Telementry: Initialized Telemetry
D, [2021-02-17T13:38:15.111548 #72295] DEBUG -- Pubnub::Client: Created new Pubnub::Client instance. Version: 4.5.0
D, [2021-02-17T13:39:55.371996 #72410] DEBUG -- Pubnub::Telementry: Initialized Telemetry
D, [2021-02-17T13:39:55.385157 #72410] DEBUG -- Pubnub::Client: Created new Pubnub::Client instance. Version: 4.5.0
D, [2021-02-17T13:41:59.797073 #72549] DEBUG -- Pubnub::Telementry: Initialized Telemetry
D, [2021-02-17T13:41:59.797217 #72549] DEBUG -- Pubnub::Client: Created new Pubnub::Client instance. Version: 4.5.0
D, [2021-02-17T13:54:01.863127 #73243] DEBUG -- Pubnub::Telementry: Initialized Telemetry
D, [2021-02-17T13:54:01.876569 #73243] DEBUG -- Pubnub::Client: Created new Pubnub::Client instance. Version: 4.5.0
D, [2021-02-17T13:54:40.559217 #73282] DEBUG -- Pubnub::Telementry: Initialized Telemetry
D, [2021-02-17T13:54:40.559342 #73282] DEBUG -- Pubnub::Client: Created new Pubnub::Client instance. Version: 4.5.0
D, [2021-02-17T13:56:41.597269 #73282] DEBUG -- Pubnub::Telemetry: Fetching telemetry for l_pub
D, [2021-02-17T13:56:41.634537 #73282] DEBUG -- Pubnub::Event: Initialized Pubnub::Publish
D, [2021-02-17T13:56:41.635475 #73282] DEBUG -- Pubnub::Publish: Fired event Pubnub::Publish
D, [2021-02-17T13:56:41.635525 #73282] DEBUG -- Pubnub::Event: #send_request called
D, [2021-02-17T13:56:41.635793 #73282] DEBUG -- Pubnub::SingleEvent: #request_dispatcher called
D, [2021-02-17T13:56:41.635844 #73282] DEBUG -- Pubnub::Client: Looking for requester for async single_event
D, [2021-02-17T13:56:41.636524 #73282] DEBUG -- Pubnub::Event: #send_request got sender
D, [2021-02-17T13:56:41.636868 #73282] DEBUG -- Pubnub::Event: Requested URI: http://ps.pndsn.com/publish/pub-c-358f55e6-9c8e-4467-b79f-c647a10746a9/sub-c-023a0afe-6f72-11eb-889a-ee4206f2a398/0/comments-8/0/%7B%22comment%22%3A%22hotdog%22%7D?ortt=%7B%22t%22%3A16135702016346108%7D&pnsdk=PubNub-Ruby%2F4.5.0&seqn=1&uuid=4c4f9377-eb93-4baf-b283-d7019ddf2e90
D, [2021-02-17T13:56:41.978536 #73282] DEBUG -- Pubnub::Event: Event#handle
D, [2021-02-17T13:56:41.979152 #73282] DEBUG -- Pubnub::Event: Firing callbacks for Pubnub::Publish
D, [2021-02-17T13:57:15.128968 #73282] DEBUG -- Pubnub::Telemetry: Fetching telemetry for l_pub
D, [2021-02-17T13:57:15.129050 #73282] DEBUG -- Pubnub::Telemetry: Current average: 0.34189701080322266
D, [2021-02-17T13:57:15.129129 #73282] DEBUG -- Pubnub::Event: Initialized Pubnub::Publish
D, [2021-02-17T13:57:15.129462 #73282] DEBUG -- Pubnub::Publish: Fired event Pubnub::Publish
D, [2021-02-17T13:57:15.129501 #73282] DEBUG -- Pubnub::Event: #send_request called
D, [2021-02-17T13:57:15.129659 #73282] DEBUG -- Pubnub::SingleEvent: #request_dispatcher called
D, [2021-02-17T13:57:15.129720 #73282] DEBUG -- Pubnub::Client: Looking for requester for async single_event
D, [2021-02-17T13:57:15.130090 #73282] DEBUG -- Pubnub::Event: #send_request got sender
D, [2021-02-17T13:57:15.130232 #73282] DEBUG -- Pubnub::Event: Requested URI: http://ps.pndsn.com/publish/pub-c-358f55e6-9c8e-4467-b79f-c647a10746a9/sub-c-023a0afe-6f72-11eb-889a-ee4206f2a398/0/comments-8/0/%7B%22comment%22%3A%22hotdog%22%7D?l_pub=0.342&ortt=%7B%22t%22%3A16135702351291530%7D&pnsdk=PubNub-Ruby%2F4.5.0&seqn=2&uuid=4c4f9377-eb93-4baf-b283-d7019ddf2e90
D, [2021-02-17T13:57:15.217799 #73282] DEBUG -- Pubnub::Event: Event#handle
D, [2021-02-17T13:57:15.217980 #73282] DEBUG -- Pubnub::Event: Firing callbacks for Pubnub::Publish
D, [2021-02-17T13:57:50.336403 #73282] DEBUG -- Pubnub::Telemetry: Fetching telemetry for l_pub
D, [2021-02-17T13:57:50.346238 #73282] DEBUG -- Pubnub::Telemetry: Current average: 0.08761906623840332
D, [2021-02-17T13:57:50.346382 #73282] DEBUG -- Pubnub::Event: Initialized Pubnub::Publish
D, [2021-02-17T13:57:50.347202 #73282] DEBUG -- Pubnub::Publish: Fired event Pubnub::Publish
D, [2021-02-17T13:57:50.347239 #73282] DEBUG -- Pubnub::Event: #send_request called
D, [2021-02-17T13:57:50.347295 #73282] DEBUG -- Pubnub::SingleEvent: #request_dispatcher called
D, [2021-02-17T13:57:50.347447 #73282] DEBUG -- Pubnub::Client: Looking for requester for async single_event
D, [2021-02-17T13:57:50.347470 #73282] DEBUG -- Pubnub::Event: #send_request got sender
D, [2021-02-17T13:57:50.348071 #73282] DEBUG -- Pubnub::Event: Requested URI: http://ps.pndsn.com/publish/pub-c-358f55e6-9c8e-4467-b79f-c647a10746a9/sub-c-023a0afe-6f72-11eb-889a-ee4206f2a398/0/comments-8/0/%7B%22comment%22%3A%22hotdog%22%7D?l_pub=0.088&ortt=%7B%22t%22%3A16135702703464310%7D&pnsdk=PubNub-Ruby%2F4.5.0&seqn=3&uuid=4c4f9377-eb93-4baf-b283-d7019ddf2e90
D, [2021-02-17T13:57:50.459250 #73282] DEBUG -- Pubnub::Event: Event#handle
D, [2021-02-17T13:57:50.459427 #73282] DEBUG -- Pubnub::Event: Firing callbacks for Pubnub::Publish
D, [2021-02-17T14:04:11.606977 #73934] DEBUG -- Pubnub::Telementry: Initialized Telemetry
D, [2021-02-17T14:04:11.607295 #73934] DEBUG -- Pubnub::Client: Created new Pubnub::Client instance. Version: 4.5.0
D, [2021-02-17T14:06:46.706050 #74083] DEBUG -- Pubnub::Telementry: Initialized Telemetry
D, [2021-02-17T14:06:46.746272 #74083] DEBUG -- Pubnub::Client: Created new Pubnub::Client instance. Version: 4.5.0
D, [2021-02-17T14:09:12.682875 #73282] DEBUG -- Pubnub::Telemetry: Fetching telemetry for l_pub
D, [2021-02-17T14:09:12.714311 #73282] DEBUG -- Pubnub::Telemetry: Current average: 0.1112678050994873
D, [2021-02-17T14:09:12.722914 #73282] DEBUG -- Pubnub::Event: Initialized Pubnub::Publish
D, [2021-02-17T14:09:12.737912 #73282] DEBUG -- Pubnub::Publish: Fired event Pubnub::Publish
D, [2021-02-17T14:09:12.737969 #73282] DEBUG -- Pubnub::Event: #send_request called
D, [2021-02-17T14:09:12.737991 #73282] DEBUG -- Pubnub::SingleEvent: #request_dispatcher called
D, [2021-02-17T14:09:12.738013 #73282] DEBUG -- Pubnub::Client: Looking for requester for async single_event
D, [2021-02-17T14:09:12.738032 #73282] DEBUG -- Pubnub::Event: #send_request got sender
D, [2021-02-17T14:09:12.738204 #73282] DEBUG -- Pubnub::Event: Requested URI: http://ps.pndsn.com/publish/pub-c-358f55e6-9c8e-4467-b79f-c647a10746a9/sub-c-023a0afe-6f72-11eb-889a-ee4206f2a398/0/comments-8/0/%7B%22comment%22%3A%22hitdig%22%7D?l_pub=0.111&ortt=%7B%22t%22%3A16135709527229838%7D&pnsdk=PubNub-Ruby%2F4.5.0&seqn=4&uuid=4c4f9377-eb93-4baf-b283-d7019ddf2e90
D, [2021-02-17T14:09:12.869618 #73282] DEBUG -- Pubnub::Event: Event#handle
D, [2021-02-17T14:09:12.869873 #73282] DEBUG -- Pubnub::Event: Firing callbacks for Pubnub::Publish
D, [2021-02-17T14:16:52.664000 #73282] DEBUG -- Pubnub::Telemetry: Fetching telemetry for l_pub
D, [2021-02-17T14:16:52.680287 #73282] DEBUG -- Pubnub::Telemetry: Current average: 0.13146233558654785
D, [2021-02-17T14:16:52.680443 #73282] DEBUG -- Pubnub::Event: Initialized Pubnub::Publish
D, [2021-02-17T14:16:52.680974 #73282] DEBUG -- Pubnub::Publish: Fired event Pubnub::Publish
D, [2021-02-17T14:16:52.681220 #73282] DEBUG -- Pubnub::Event: #send_request called
D, [2021-02-17T14:16:52.681271 #73282] DEBUG -- Pubnub::SingleEvent: #request_dispatcher called
D, [2021-02-17T14:16:52.682169 #73282] DEBUG -- Pubnub::Client: Looking for requester for async single_event
D, [2021-02-17T14:16:52.682219 #73282] DEBUG -- Pubnub::Event: #send_request got sender
D, [2021-02-17T14:16:52.682391 #73282] DEBUG -- Pubnub::Event: Requested URI: http://ps.pndsn.com/publish/pub-c-358f55e6-9c8e-4467-b79f-c647a10746a9/sub-c-023a0afe-6f72-11eb-889a-ee4206f2a398/0/comments-8/0/%7B%22comment%22%3A%22Nice%20dog%22%7D?l_pub=0.131&ortt=%7B%22t%22%3A16135714126804832%7D&pnsdk=PubNub-Ruby%2F4.5.0&seqn=5&uuid=4c4f9377-eb93-4baf-b283-d7019ddf2e90
D, [2021-02-17T14:16:52.858528 #73282] DEBUG -- Pubnub::Event: Event#handle
D, [2021-02-17T14:16:52.858723 #73282] DEBUG -- Pubnub::Event: Firing callbacks for Pubnub::Publish
